  [1m[35m (369.5ms)[0m  [1m[35mCREATE DATABASE "cathotel_development" ENCODING = 'unicode'[0m
  ↳ bin/rails:9
  [1m[35m (350.0ms)[0m  [1m[35mCREATE DATABASE "cathotel_test" ENCODING = 'unicode'[0m
  ↳ bin/rails:9
  [1m[35m (182.4ms)[0m  [1m[35mCREATE TABLE "schema_migrations" ("version" character varying NOT NULL PRIMARY KEY)[0m
  ↳ bin/rails:9
  [1m[35m (41.6ms)[0m  [1m[35mCREATE TABLE "ar_internal_metadata" ("key" character varying NOT NULL PRIMARY KEY, "value" character varying, "created_at" timestamp NOT NULL, "updated_at" timestamp NOT NULL)[0m
  ↳ bin/rails:9
  [1m[35m (1.3ms)[0m  [1m[34mSELECT pg_try_advisory_lock(1313714600896223400)[0m
  ↳ bin/rails:9
  [1m[35m (1.6ms)[0m  [1m[34mSELECT "schema_migrations"."version" FROM "schema_migrations" ORDER BY "schema_migrations"."version" ASC[0m
  ↳ bin/rails:9
Migrating to CreateCats (20201204184011)
  [1m[35m (0.4ms)[0m  [1m[35mBEGIN[0m
  ↳ bin/rails:9
  [1m[35m (78.5ms)[0m  [1m[35mCREATE TABLE "cats" ("id" bigserial primary key, "birth_date" date NOT NULL, "color" character varying, "name" character varying NOT NULL, "sex" character varying(1) NOT NULL, "description" character varying, "created_at" timestamp NOT NULL, "updated_at" timestamp NOT NULL)[0m
  ↳ db/migrate/20201204184011_create_cats.rb:3
  [1m[36mActiveRecord::SchemaMigration Create (92.8ms)[0m  [1m[32mINSERT INTO "schema_migrations" ("version") VALUES ($1) RETURNING "version"[0m  [["version", "20201204184011"]]
  ↳ bin/rails:9
  [1m[35m (1.0ms)[0m  [1m[35mCOMMIT[0m
  ↳ bin/rails:9
  [1m[36mActiveRecord::InternalMetadata Load (1.3ms)[0m  [1m[34mSELECT  "ar_internal_metadata".* FROM "ar_internal_metadata" WHERE "ar_internal_metadata"."key" = $1 LIMIT $2[0m  [["key", "environment"], ["LIMIT", 1]]
  ↳ bin/rails:9
  [1m[35m (1.5ms)[0m  [1m[35mBEGIN[0m
  ↳ bin/rails:9
  [1m[36mActiveRecord::InternalMetadata Create (2.8ms)[0m  [1m[32mINSERT INTO "ar_internal_metadata" ("key", "value", "created_at", "updated_at") VALUES ($1, $2, $3, $4) RETURNING "key"[0m  [["key", "environment"], ["value", "development"], ["created_at", "2020-12-04 18:56:46.665273"], ["updated_at", "2020-12-04 18:56:46.665273"]]
  ↳ bin/rails:9
  [1m[35m (2.8ms)[0m  [1m[35mCOMMIT[0m
  ↳ bin/rails:9
  [1m[35m (0.6ms)[0m  [1m[34mSELECT pg_advisory_unlock(1313714600896223400)[0m
  ↳ bin/rails:9
  [1m[35m (1.9ms)[0m  [1m[34mSELECT "schema_migrations"."version" FROM "schema_migrations" ORDER BY "schema_migrations"."version" ASC[0m
  ↳ bin/rails:9
  [1m[35m (396.6ms)[0m  [1m[35mCREATE DATABASE "cathotel_development" ENCODING = 'unicode'[0m
  ↳ bin/rails:9
  [1m[35m (363.3ms)[0m  [1m[35mCREATE DATABASE "cathotel_test" ENCODING = 'unicode'[0m
  ↳ bin/rails:9
  [1m[35m (19.6ms)[0m  [1m[35mCREATE TABLE "schema_migrations" ("version" character varying NOT NULL PRIMARY KEY)[0m
  ↳ bin/rails:9
  [1m[35m (13.5ms)[0m  [1m[35mCREATE TABLE "ar_internal_metadata" ("key" character varying NOT NULL PRIMARY KEY, "value" character varying, "created_at" timestamp NOT NULL, "updated_at" timestamp NOT NULL)[0m
  ↳ bin/rails:9
  [1m[35m (1.5ms)[0m  [1m[34mSELECT pg_try_advisory_lock(1313714600896223400)[0m
  ↳ bin/rails:9
  [1m[35m (1.6ms)[0m  [1m[34mSELECT "schema_migrations"."version" FROM "schema_migrations" ORDER BY "schema_migrations"."version" ASC[0m
  ↳ bin/rails:9
Migrating to CreateCats (20201204184011)
  [1m[35m (0.3ms)[0m  [1m[35mBEGIN[0m
  ↳ bin/rails:9
  [1m[35m (11.9ms)[0m  [1m[35mCREATE TABLE "cats" ("id" bigserial primary key, "birth_date" date NOT NULL, "color" character varying, "name" character varying NOT NULL, "sex" character varying(1) NOT NULL, "description" character varying, "created_at" timestamp NOT NULL, "updated_at" timestamp NOT NULL)[0m
  ↳ db/migrate/20201204184011_create_cats.rb:3
  [1m[36mActiveRecord::SchemaMigration Create (1.7ms)[0m  [1m[32mINSERT INTO "schema_migrations" ("version") VALUES ($1) RETURNING "version"[0m  [["version", "20201204184011"]]
  ↳ bin/rails:9
  [1m[35m (2.2ms)[0m  [1m[35mCOMMIT[0m
  ↳ bin/rails:9
  [1m[36mActiveRecord::InternalMetadata Load (0.9ms)[0m  [1m[34mSELECT  "ar_internal_metadata".* FROM "ar_internal_metadata" WHERE "ar_internal_metadata"."key" = $1 LIMIT $2[0m  [["key", "environment"], ["LIMIT", 1]]
  ↳ bin/rails:9
  [1m[35m (0.3ms)[0m  [1m[35mBEGIN[0m
  ↳ bin/rails:9
  [1m[36mActiveRecord::InternalMetadata Create (0.9ms)[0m  [1m[32mINSERT INTO "ar_internal_metadata" ("key", "value", "created_at", "updated_at") VALUES ($1, $2, $3, $4) RETURNING "key"[0m  [["key", "environment"], ["value", "development"], ["created_at", "2020-12-04 19:17:30.654391"], ["updated_at", "2020-12-04 19:17:30.654391"]]
  ↳ bin/rails:9
  [1m[35m (2.0ms)[0m  [1m[35mCOMMIT[0m
  ↳ bin/rails:9
  [1m[35m (0.7ms)[0m  [1m[34mSELECT pg_advisory_unlock(1313714600896223400)[0m
  ↳ bin/rails:9
  [1m[35m (0.3ms)[0m  [1m[34mSELECT "schema_migrations"."version" FROM "schema_migrations" ORDER BY "schema_migrations"."version" ASC[0m
  ↳ bin/rails:9
  [1m[35m (0.7ms)[0m  [1m[34mSELECT "schema_migrations"."version" FROM "schema_migrations" ORDER BY "schema_migrations"."version" ASC[0m
  ↳ bin/rails:9
Started GET "/" for ::1 at 2020-12-04 15:44:59 -0500
  [1m[35m (2.0ms)[0m  [1m[34mSELECT "schema_migrations"."version" FROM "schema_migrations" ORDER BY "schema_migrations"."version" ASC[0m
  ↳ /home/poofywater/.rbenv/versions/2.5.1/lib/ruby/gems/2.5.0/gems/activerecord-5.2.4.4/lib/active_record/log_subscriber.rb:98
Processing by Rails::WelcomeController#index as */*
  Rendering /home/poofywater/.rbenv/versions/2.5.1/lib/ruby/gems/2.5.0/gems/railties-5.2.4.4/lib/rails/templates/rails/welcome/index.html.erb
  Rendered /home/poofywater/.rbenv/versions/2.5.1/lib/ruby/gems/2.5.0/gems/railties-5.2.4.4/lib/rails/templates/rails/welcome/index.html.erb (6.7ms)
Completed 200 OK in 53ms (Views: 18.3ms | ActiveRecord: 0.0ms)


  [1m[35m (0.6ms)[0m  [1m[34mSELECT "schema_migrations"."version" FROM "schema_migrations" ORDER BY "schema_migrations"."version" ASC[0m
  ↳ bin/rails:9
  [1m[35m (11.1ms)[0m  [1m[35mCREATE DATABASE "cathotel_development" ENCODING = 'unicode'[0m
  ↳ bin/rails:9
  [1m[35m (1.0ms)[0m  [1m[35mCREATE DATABASE "cathotel_test" ENCODING = 'unicode'[0m
  ↳ bin/rails:9
  [1m[35m (0.8ms)[0m  [1m[34mSELECT "schema_migrations"."version" FROM "schema_migrations" ORDER BY "schema_migrations"."version" ASC[0m
  ↳ bin/rails:9
  [1m[36mCat Load (2.0ms)[0m  [1m[34mSELECT "cats".* FROM "cats"[0m
  ↳ db/seeds.rb:8
  [1m[35m (0.3ms)[0m  [1m[35mBEGIN[0m
  ↳ db/seeds.rb:10
  [1m[36mCat Create (3.7ms)[0m  [1m[32mINSERT INTO "cats" ("birth_date", "color", "name", "sex", "description", "created_at", "updated_at") VALUES ($1, $2, $3, $4, $5, $6, $7) RETURNING "id"[0m  [["birth_date", "1986-02-27"], ["color", "Grey"], ["name", "Paul"], ["sex", "M"], ["description", "the daddest cat"], ["created_at", "2020-12-04 21:14:24.256894"], ["updated_at", "2020-12-04 21:14:24.256894"]]
  ↳ db/seeds.rb:10
  [1m[35m (2.5ms)[0m  [1m[35mCOMMIT[0m
  ↳ db/seeds.rb:10
  [1m[35m (0.2ms)[0m  [1m[35mBEGIN[0m
  ↳ db/seeds.rb:11
  [1m[36mCat Create (1.7ms)[0m  [1m[32mINSERT INTO "cats" ("birth_date", "color", "name", "sex", "description", "created_at", "updated_at") VALUES ($1, $2, $3, $4, $5, $6, $7) RETURNING "id"[0m  [["birth_date", "2016-12-31"], ["color", "Orange"], ["name", "Arry"], ["sex", "F"], ["description", "the coolest cat"], ["created_at", "2020-12-04 21:14:24.276786"], ["updated_at", "2020-12-04 21:14:24.276786"]]
  ↳ db/seeds.rb:11
  [1m[35m (1.7ms)[0m  [1m[35mCOMMIT[0m
  ↳ db/seeds.rb:11
  [1m[35m (0.3ms)[0m  [1m[35mBEGIN[0m
  ↳ db/seeds.rb:12
  [1m[36mCat Create (0.6ms)[0m  [1m[32mINSERT INTO "cats" ("birth_date", "color", "name", "sex", "description", "created_at", "updated_at") VALUES ($1, $2, $3, $4, $5, $6, $7) RETURNING "id"[0m  [["birth_date", "2020-10-26"], ["color", "Calico"], ["name", "Alvin"], ["sex", "M"], ["description", "the teacher cat"], ["created_at", "2020-12-04 21:14:24.284152"], ["updated_at", "2020-12-04 21:14:24.284152"]]
  ↳ db/seeds.rb:12
  [1m[35m (2.1ms)[0m  [1m[35mCOMMIT[0m
  ↳ db/seeds.rb:12
  [1m[35m (0.3ms)[0m  [1m[35mBEGIN[0m
  ↳ db/seeds.rb:13
  [1m[36mCat Create (0.5ms)[0m  [1m[32mINSERT INTO "cats" ("birth_date", "color", "name", "sex", "description", "created_at", "updated_at") VALUES ($1, $2, $3, $4, $5, $6, $7) RETURNING "id"[0m  [["birth_date", "2010-08-31"], ["color", "Black"], ["name", "Josh"], ["sex", "M"], ["description", "OUR TEACHER!!!"], ["created_at", "2020-12-04 21:14:24.291804"], ["updated_at", "2020-12-04 21:14:24.291804"]]
  ↳ db/seeds.rb:13
  [1m[35m (1.9ms)[0m  [1m[35mCOMMIT[0m
  ↳ db/seeds.rb:13
  [1m[35m (0.2ms)[0m  [1m[35mBEGIN[0m
  ↳ db/seeds.rb:14
  [1m[36mCat Create (0.5ms)[0m  [1m[32mINSERT INTO "cats" ("birth_date", "color", "name", "sex", "description", "created_at", "updated_at") VALUES ($1, $2, $3, $4, $5, $6, $7) RETURNING "id"[0m  [["birth_date", "1999-07-25"], ["color", "Grey"], ["name", "Jen"], ["sex", "F"], ["description", "big mamma"], ["created_at", "2020-12-04 21:14:24.299060"], ["updated_at", "2020-12-04 21:14:24.299060"]]
  ↳ db/seeds.rb:14
  [1m[35m (1.8ms)[0m  [1m[35mCOMMIT[0m
  ↳ db/seeds.rb:14
  [1m[35m (0.2ms)[0m  [1m[35mBEGIN[0m
  ↳ db/seeds.rb:15
  [1m[36mCat Create (1.5ms)[0m  [1m[32mINSERT INTO "cats" ("birth_date", "color", "name", "sex", "description", "created_at", "updated_at") VALUES ($1, $2, $3, $4, $5, $6, $7) RETURNING "id"[0m  [["birth_date", "1993-03-20"], ["color", "Orange"], ["name", "Orange"], ["sex", "M"], ["description", "fan of lasagna"], ["created_at", "2020-12-04 21:14:24.304550"], ["updated_at", "2020-12-04 21:14:24.304550"]]
  ↳ db/seeds.rb:15
  [1m[35m (1.7ms)[0m  [1m[35mCOMMIT[0m
  ↳ db/seeds.rb:15
  [1m[35m (0.3ms)[0m  [1m[35mBEGIN[0m
  ↳ db/seeds.rb:16
  [1m[36mCat Create (0.5ms)[0m  [1m[32mINSERT INTO "cats" ("birth_date", "color", "name", "sex", "description", "created_at", "updated_at") VALUES ($1, $2, $3, $4, $5, $6, $7) RETURNING "id"[0m  [["birth_date", "1997-08-07"], ["color", "Black"], ["name", "Salem"], ["sex", "F"], ["description", "spooky the cat"], ["created_at", "2020-12-04 21:14:24.311510"], ["updated_at", "2020-12-04 21:14:24.311510"]]
  ↳ db/seeds.rb:16
  [1m[35m (1.7ms)[0m  [1m[35mCOMMIT[0m
  ↳ db/seeds.rb:16
  [1m[35m (0.3ms)[0m  [1m[35mBEGIN[0m
  ↳ db/seeds.rb:17
  [1m[36mCat Create (0.7ms)[0m  [1m[32mINSERT INTO "cats" ("birth_date", "color", "name", "sex", "description", "created_at", "updated_at") VALUES ($1, $2, $3, $4, $5, $6, $7) RETURNING "id"[0m  [["birth_date", "2003-12-02"], ["color", "Calico"], ["name", "Santa"], ["sex", "M"], ["description", "the spirit of christmas"], ["created_at", "2020-12-04 21:14:24.317183"], ["updated_at", "2020-12-04 21:14:24.317183"]]
  ↳ db/seeds.rb:17
  [1m[35m (1.9ms)[0m  [1m[35mCOMMIT[0m
  ↳ db/seeds.rb:17
Started GET "/" for ::1 at 2020-12-04 16:14:49 -0500
  [1m[35m (0.7ms)[0m  [1m[34mSELECT "schema_migrations"."version" FROM "schema_migrations" ORDER BY "schema_migrations"."version" ASC[0m
  ↳ /home/poofywater/.rbenv/versions/2.5.1/lib/ruby/gems/2.5.0/gems/activerecord-5.2.4.4/lib/active_record/log_subscriber.rb:98
Processing by Rails::WelcomeController#index as */*
  Rendering /home/poofywater/.rbenv/versions/2.5.1/lib/ruby/gems/2.5.0/gems/railties-5.2.4.4/lib/rails/templates/rails/welcome/index.html.erb
  Rendered /home/poofywater/.rbenv/versions/2.5.1/lib/ruby/gems/2.5.0/gems/railties-5.2.4.4/lib/rails/templates/rails/welcome/index.html.erb (10.6ms)
Completed 200 OK in 71ms (Views: 58.3ms | ActiveRecord: 0.0ms)


Started GET "/" for ::1 at 2020-12-04 16:14:50 -0500
Processing by Rails::WelcomeController#index as */*
  Rendering /home/poofywater/.rbenv/versions/2.5.1/lib/ruby/gems/2.5.0/gems/railties-5.2.4.4/lib/rails/templates/rails/welcome/index.html.erb
  Rendered /home/poofywater/.rbenv/versions/2.5.1/lib/ruby/gems/2.5.0/gems/railties-5.2.4.4/lib/rails/templates/rails/welcome/index.html.erb (2.0ms)
Completed 200 OK in 27ms (Views: 16.9ms | ActiveRecord: 0.0ms)


Started GET "/cat" for ::1 at 2020-12-04 16:15:16 -0500
  
ActionController::RoutingError (No route matches [GET] "/cat"):
  
actionpack (5.2.4.4) lib/action_dispatch/middleware/debug_exceptions.rb:65:in `call'
web-console (3.7.0) lib/web_console/middleware.rb:135:in `call_app'
web-console (3.7.0) lib/web_console/middleware.rb:30:in `block in call'
web-console (3.7.0) lib/web_console/middleware.rb:20:in `catch'
web-console (3.7.0) lib/web_console/middleware.rb:20:in `call'
actionpack (5.2.4.4) lib/action_dispatch/middleware/show_exceptions.rb:33:in `call'
railties (5.2.4.4) lib/rails/rack/logger.rb:38:in `call_app'
railties (5.2.4.4) lib/rails/rack/logger.rb:26:in `block in call'
activesupport (5.2.4.4) lib/active_support/tagged_logging.rb:71:in `block in tagged'
activesupport (5.2.4.4) lib/active_support/tagged_logging.rb:28:in `tagged'
activesupport (5.2.4.4) lib/active_support/tagged_logging.rb:71:in `tagged'
railties (5.2.4.4) lib/rails/rack/logger.rb:26:in `call'
sprockets-rails (3.2.2) lib/sprockets/rails/quiet_assets.rb:13:in `call'
actionpack (5.2.4.4) lib/action_dispatch/middleware/remote_ip.rb:81:in `call'
actionpack (5.2.4.4) lib/action_dispatch/middleware/request_id.rb:27:in `call'
rack (2.2.3) lib/rack/method_override.rb:24:in `call'
rack (2.2.3) lib/rack/runtime.rb:22:in `call'
activesupport (5.2.4.4) lib/active_support/cache/strategy/local_cache_middleware.rb:29:in `call'
actionpack (5.2.4.4) lib/action_dispatch/middleware/executor.rb:14:in `call'
actionpack (5.2.4.4) lib/action_dispatch/middleware/static.rb:127:in `call'
rack (2.2.3) lib/rack/sendfile.rb:110:in `call'
railties (5.2.4.4) lib/rails/engine.rb:524:in `call'
puma (3.12.6) lib/puma/configuration.rb:227:in `call'
puma (3.12.6) lib/puma/server.rb:706:in `handle_request'
puma (3.12.6) lib/puma/server.rb:476:in `process_client'
puma (3.12.6) lib/puma/server.rb:334:in `block in run'
puma (3.12.6) lib/puma/thread_pool.rb:135:in `block in spawn_thread'
Started GET "/cats" for ::1 at 2020-12-04 16:15:26 -0500
Processing by CatsController#index as */*
  Rendering cats/index.html.erb within layouts/application
  [1m[36mCat Load (0.9ms)[0m  [1m[34mSELECT "cats".* FROM "cats"[0m
  ↳ app/views/cats/index.html.erb:4
  Rendered cats/index.html.erb within layouts/application (2437.3ms)
Completed 500 Internal Server Error in 3940ms (ActiveRecord: 5.5ms)


  
ActionView::Template::Error (Missing partial cats/_cat with {:locale=>[:en], :formats=>[:html, :text, :js, :css, :ics, :csv, :vcf, :vtt, :png, :jpeg, :gif, :bmp, :tiff, :svg, :mpeg, :mp3, :ogg, :m4a, :webm, :mp4, :otf, :ttf, :woff, :woff2, :xml, :rss, :atom, :yaml, :multipart_form, :url_encoded_form, :json, :pdf, :zip, :gzip], :variants=>[], :handlers=>[:raw, :erb, :html, :builder, :ruby, :coffee, :jbuilder]}. Searched in:
  * "/mnt/c/Users/derek/Documents/git/Classwork/W6D5/W6D5/cathotel/app/views"
):
    2: 
    3: <ul> 
    4: <%  @cats.each do |cat|  %>
    5:     <li> <%=render cat %> <li>
    6:     <% end %>
    7: 
    8: </ul>
  
app/views/cats/index.html.erb:5:in `block in _app_views_cats_index_html_erb__3572643081251762306_70260236263880'
app/views/cats/index.html.erb:4:in `_app_views_cats_index_html_erb__3572643081251762306_70260236263880'
app/controllers/cats_controller.rb:4:in `index'
Started GET "/cats" for ::1 at 2020-12-04 16:17:19 -0500
  [1m[35m (1.4ms)[0m  [1m[34mSELECT "schema_migrations"."version" FROM "schema_migrations" ORDER BY "schema_migrations"."version" ASC[0m
  ↳ /home/poofywater/.rbenv/versions/2.5.1/lib/ruby/gems/2.5.0/gems/activerecord-5.2.4.4/lib/active_record/log_subscriber.rb:98
Processing by CatsController#index as */*
  Rendering cats/index.html.erb within layouts/application
  [1m[36mCat Load (1.2ms)[0m  [1m[34mSELECT "cats".* FROM "cats"[0m
  ↳ app/views/cats/index.html.erb:4
  Rendered cats/index.html.erb within layouts/application (3592.7ms)
Completed 500 Internal Server Error in 5436ms (ActiveRecord: 7.1ms)


  
ActionView::Template::Error (Missing partial cats/_cat with {:locale=>[:en], :formats=>[:html, :text, :js, :css, :ics, :csv, :vcf, :vtt, :png, :jpeg, :gif, :bmp, :tiff, :svg, :mpeg, :mp3, :ogg, :m4a, :webm, :mp4, :otf, :ttf, :woff, :woff2, :xml, :rss, :atom, :yaml, :multipart_form, :url_encoded_form, :json, :pdf, :zip, :gzip], :variants=>[], :handlers=>[:raw, :erb, :html, :builder, :ruby, :coffee, :jbuilder]}. Searched in:
  * "/mnt/c/Users/derek/Documents/git/Classwork/W6D5/W6D5/cathotel/app/views"
):
    2: 
    3: <ul> 
    4: <%  @cats.each do |cat|  %>
    5:     <li> <%=render cat %> <li>
    6:     <% end %>
    7: 
    8: </ul>
  
app/views/cats/index.html.erb:5:in `block in _app_views_cats_index_html_erb___4314029504134624683_70355630533660'
app/views/cats/index.html.erb:4:in `_app_views_cats_index_html_erb___4314029504134624683_70355630533660'
app/controllers/cats_controller.rb:4:in `index'
Started GET "/cats" for ::1 at 2020-12-04 16:20:15 -0500
  [1m[35m (1.4ms)[0m  [1m[34mSELECT "schema_migrations"."version" FROM "schema_migrations" ORDER BY "schema_migrations"."version" ASC[0m
  ↳ /home/poofywater/.rbenv/versions/2.5.1/lib/ruby/gems/2.5.0/gems/activerecord-5.2.4.4/lib/active_record/log_subscriber.rb:98
Processing by CatsController#index as */*
  Rendering cats/index.html.erb within layouts/application
  [1m[36mCat Load (0.7ms)[0m  [1m[34mSELECT "cats".* FROM "cats"[0m
  ↳ app/views/cats/index.html.erb:4
  Rendered cats/index.html.erb within layouts/application (2840.2ms)
Completed 500 Internal Server Error in 4550ms (ActiveRecord: 5.0ms)


  
ActionView::Template::Error (Missing partial cats/_cat with {:locale=>[:en], :formats=>[:html, :text, :js, :css, :ics, :csv, :vcf, :vtt, :png, :jpeg, :gif, :bmp, :tiff, :svg, :mpeg, :mp3, :ogg, :m4a, :webm, :mp4, :otf, :ttf, :woff, :woff2, :xml, :rss, :atom, :yaml, :multipart_form, :url_encoded_form, :json, :pdf, :zip, :gzip], :variants=>[], :handlers=>[:raw, :erb, :html, :builder, :ruby, :coffee, :jbuilder]}. Searched in:
  * "/mnt/c/Users/derek/Documents/git/Classwork/W6D5/W6D5/cathotel/app/views"
):
    2: 
    3: <ul> 
    4: <%  @cats.each do |cat|  %>
    5:     <li> <%=render cat %> </li>
    6:     <% end %>
    7: 
    8: </ul>
  
app/views/cats/index.html.erb:5:in `block in _app_views_cats_index_html_erb___4262687914833767150_70083873239120'
app/views/cats/index.html.erb:4:in `_app_views_cats_index_html_erb___4262687914833767150_70083873239120'
app/controllers/cats_controller.rb:4:in `index'
Started GET "/cat" for ::1 at 2020-12-04 16:20:30 -0500
  
ActionController::RoutingError (No route matches [GET] "/cat"):
  
actionpack (5.2.4.4) lib/action_dispatch/middleware/debug_exceptions.rb:65:in `call'
web-console (3.7.0) lib/web_console/middleware.rb:135:in `call_app'
web-console (3.7.0) lib/web_console/middleware.rb:30:in `block in call'
web-console (3.7.0) lib/web_console/middleware.rb:20:in `catch'
web-console (3.7.0) lib/web_console/middleware.rb:20:in `call'
actionpack (5.2.4.4) lib/action_dispatch/middleware/show_exceptions.rb:33:in `call'
railties (5.2.4.4) lib/rails/rack/logger.rb:38:in `call_app'
railties (5.2.4.4) lib/rails/rack/logger.rb:26:in `block in call'
activesupport (5.2.4.4) lib/active_support/tagged_logging.rb:71:in `block in tagged'
activesupport (5.2.4.4) lib/active_support/tagged_logging.rb:28:in `tagged'
activesupport (5.2.4.4) lib/active_support/tagged_logging.rb:71:in `tagged'
railties (5.2.4.4) lib/rails/rack/logger.rb:26:in `call'
sprockets-rails (3.2.2) lib/sprockets/rails/quiet_assets.rb:13:in `call'
actionpack (5.2.4.4) lib/action_dispatch/middleware/remote_ip.rb:81:in `call'
actionpack (5.2.4.4) lib/action_dispatch/middleware/request_id.rb:27:in `call'
rack (2.2.3) lib/rack/method_override.rb:24:in `call'
rack (2.2.3) lib/rack/runtime.rb:22:in `call'
activesupport (5.2.4.4) lib/active_support/cache/strategy/local_cache_middleware.rb:29:in `call'
actionpack (5.2.4.4) lib/action_dispatch/middleware/executor.rb:14:in `call'
actionpack (5.2.4.4) lib/action_dispatch/middleware/static.rb:127:in `call'
rack (2.2.3) lib/rack/sendfile.rb:110:in `call'
railties (5.2.4.4) lib/rails/engine.rb:524:in `call'
puma (3.12.6) lib/puma/configuration.rb:227:in `call'
puma (3.12.6) lib/puma/server.rb:706:in `handle_request'
puma (3.12.6) lib/puma/server.rb:476:in `process_client'
puma (3.12.6) lib/puma/server.rb:334:in `block in run'
puma (3.12.6) lib/puma/thread_pool.rb:135:in `block in spawn_thread'
Started GET "/cats" for ::1 at 2020-12-04 16:20:35 -0500
Processing by CatsController#index as */*
  Rendering cats/index.html.erb within layouts/application
  [1m[36mCat Load (0.5ms)[0m  [1m[34mSELECT "cats".* FROM "cats"[0m
  ↳ app/views/cats/index.html.erb:4
  Rendered cats/index.html.erb within layouts/application (3254.5ms)
Completed 500 Internal Server Error in 5134ms (ActiveRecord: 0.5ms)


  
ActionView::Template::Error (Missing partial cats/_cat with {:locale=>[:en], :formats=>[:html, :text, :js, :css, :ics, :csv, :vcf, :vtt, :png, :jpeg, :gif, :bmp, :tiff, :svg, :mpeg, :mp3, :ogg, :m4a, :webm, :mp4, :otf, :ttf, :woff, :woff2, :xml, :rss, :atom, :yaml, :multipart_form, :url_encoded_form, :json, :pdf, :zip, :gzip], :variants=>[], :handlers=>[:raw, :erb, :html, :builder, :ruby, :coffee, :jbuilder]}. Searched in:
  * "/mnt/c/Users/derek/Documents/git/Classwork/W6D5/W6D5/cathotel/app/views"
):
    2: 
    3: <ul> 
    4: <%  @cats.each do |cat|  %>
    5:     <li> <%=render cat %> </li>
    6:     <% end %>
    7: 
    8: </ul>
  
app/views/cats/index.html.erb:5:in `block in _app_views_cats_index_html_erb___4262687914833767150_70083869953300'
app/views/cats/index.html.erb:4:in `_app_views_cats_index_html_erb___4262687914833767150_70083869953300'
app/controllers/cats_controller.rb:4:in `index'
Started GET "/cats/update" for ::1 at 2020-12-04 16:24:49 -0500
Processing by CatsController#show as */*
  Parameters: {"id"=>"update"}
  [1m[36mCat Load (1.0ms)[0m  [1m[34mSELECT  "cats".* FROM "cats" WHERE "cats"."id" = $1 LIMIT $2[0m  [["id", 0], ["LIMIT", 1]]
  ↳ app/controllers/cats_controller.rb:8
Completed 500 Internal Server Error in 269ms (ActiveRecord: 1.6ms)


  
NoMethodError (undefined method `redirect' for #<CatsController:0x00007f7b58670a90>
Did you mean?  redirect_to):
  
app/controllers/cats_controller.rb:12:in `show'
Started GET "/cats" for ::1 at 2020-12-04 16:24:54 -0500
Processing by CatsController#index as */*
  Rendering cats/index.html.erb within layouts/application
  [1m[36mCat Load (0.9ms)[0m  [1m[34mSELECT "cats".* FROM "cats"[0m
  ↳ app/views/cats/index.html.erb:4
  Rendered cats/index.html.erb within layouts/application (4.1ms)
Completed 200 OK in 5071ms (Views: 5069.2ms | ActiveRecord: 0.9ms)


Started GET "/" for ::1 at 2020-12-04 16:25:10 -0500
Processing by Rails::WelcomeController#index as HTML
  Rendering /home/poofywater/.rbenv/versions/2.5.1/lib/ruby/gems/2.5.0/gems/railties-5.2.4.4/lib/rails/templates/rails/welcome/index.html.erb
  Rendered /home/poofywater/.rbenv/versions/2.5.1/lib/ruby/gems/2.5.0/gems/railties-5.2.4.4/lib/rails/templates/rails/welcome/index.html.erb (2.2ms)
Completed 200 OK in 6ms (Views: 4.7ms | ActiveRecord: 0.0ms)


Started GET "/cats" for ::1 at 2020-12-04 16:25:16 -0500
Processing by CatsController#index as HTML
  Rendering cats/index.html.erb within layouts/application
  [1m[36mCat Load (0.4ms)[0m  [1m[34mSELECT "cats".* FROM "cats"[0m
  ↳ app/views/cats/index.html.erb:4
  Rendered cats/index.html.erb within layouts/application (2.3ms)
Completed 200 OK in 451ms (Views: 450.3ms | ActiveRecord: 0.4ms)


Started GET "/cats" for ::1 at 2020-12-04 16:25:59 -0500
Processing by CatsController#index as HTML
  Rendering cats/index.html.erb within layouts/application
  [1m[36mCat Load (0.6ms)[0m  [1m[34mSELECT "cats".* FROM "cats"[0m
  ↳ app/views/cats/index.html.erb:4
  Rendered cats/index.html.erb within layouts/application (3.3ms)
Completed 200 OK in 557ms (Views: 554.9ms | ActiveRecord: 0.6ms)


Started GET "/cats" for ::1 at 2020-12-04 17:10:59 -0500
  [1m[35m (1.2ms)[0m  [1m[34mSELECT "schema_migrations"."version" FROM "schema_migrations" ORDER BY "schema_migrations"."version" ASC[0m
  ↳ /home/poofywater/.rbenv/versions/2.5.1/lib/ruby/gems/2.5.0/gems/activerecord-5.2.4.4/lib/active_record/log_subscriber.rb:98
Processing by CatsController#index as HTML
  Rendering cats/index.html.erb within layouts/application
  [1m[36mCat Load (1.5ms)[0m  [1m[34mSELECT "cats".* FROM "cats"[0m
  ↳ app/views/cats/index.html.erb:4
  Rendered cats/index.html.erb within layouts/application (32.6ms)
Completed 200 OK in 1714ms (Views: 1651.0ms | ActiveRecord: 9.9ms)


Started GET "/cats" for ::1 at 2020-12-04 17:11:34 -0500
Processing by CatsController#index as HTML
  Rendering cats/index.html.erb within layouts/application
  Rendered cats/index.html.erb within layouts/application (0.7ms)
Completed 500 Internal Server Error in 256ms (ActiveRecord: 0.0ms)


  
SyntaxError (/mnt/c/Users/derek/Documents/git/Classwork/W6D5/W6D5/cathotel/app/views/cats/index.html.erb:5: syntax error, unexpected ')', expecting '='
...ffer.append=(cat.name, cat.id );@output_buffer.safe_append='...
...                              ^
/mnt/c/Users/derek/Documents/git/Classwork/W6D5/W6D5/cathotel/app/views/cats/index.html.erb:6: syntax error, unexpected keyword_end, expecting ')'
'.freeze;     end 
              ^~~
/mnt/c/Users/derek/Documents/git/Classwork/W6D5/W6D5/cathotel/app/views/cats/index.html.erb:12: syntax error, unexpected keyword_ensure, expecting ')'
          ensure
          ^~~~~~
/mnt/c/Users/derek/Documents/git/Classwork/W6D5/W6D5/cathotel/app/views/cats/index.html.erb:14: syntax error, unexpected keyword_end, expecting ')'
          end
          ^~~):
  
app/views/cats/index.html.erb:5: syntax error, unexpected ')', expecting '='
app/views/cats/index.html.erb:6: syntax error, unexpected keyword_end, expecting ')'
app/views/cats/index.html.erb:12: syntax error, unexpected keyword_ensure, expecting ')'
app/views/cats/index.html.erb:14: syntax error, unexpected keyword_end, expecting ')'
app/controllers/cats_controller.rb:4:in `index'
